<?xml version="1.0" encoding="UTF-8"?>
<checkstyle version="5.9">
<file name="/home/parallels/onos-1.2.0-build/utils/junit/src/main/java/org/onlab/junit/ExceptionTest.java">
<error line="31" column="5" severity="warning" message="Missing a Javadoc comment." source="com.puppycrawl.tools.checkstyle.checks.javadoc.JavadocMethodCheck"/>
<error line="32" column="5" severity="warning" message="Missing a Javadoc comment." source="com.puppycrawl.tools.checkstyle.checks.javadoc.JavadocMethodCheck"/>
<error line="33" column="5" severity="warning" message="Missing a Javadoc comment." source="com.puppycrawl.tools.checkstyle.checks.javadoc.JavadocMethodCheck"/>
<error line="35" column="5" severity="warning" message="Missing a Javadoc comment." source="com.puppycrawl.tools.checkstyle.checks.javadoc.JavadocMethodCheck"/>
<error line="42" column="5" severity="warning" message="Missing a Javadoc comment." source="com.puppycrawl.tools.checkstyle.checks.javadoc.JavadocMethodCheck"/>
<error line="49" column="5" severity="warning" message="Missing a Javadoc comment." source="com.puppycrawl.tools.checkstyle.checks.javadoc.JavadocMethodCheck"/>
</file>
<file name="/home/parallels/onos-1.2.0-build/utils/junit/src/main/java/org/onlab/junit/TestTools.java">
<error line="37" column="5" severity="warning" message="Missing a Javadoc comment." source="com.puppycrawl.tools.checkstyle.checks.javadoc.JavadocMethodCheck"/>
<error line="40" column="5" severity="warning" message="Missing a Javadoc comment." source="com.puppycrawl.tools.checkstyle.checks.javadoc.JavadocMethodCheck"/>
</file>
<file name="/home/parallels/onos-1.2.0-build/utils/junit/src/main/java/org/onlab/junit/package-info.java">
</file>
<file name="/home/parallels/onos-1.2.0-build/utils/junit/src/main/java/org/onlab/junit/UtilityClassChecker.java">
</file>
<file name="/home/parallels/onos-1.2.0-build/utils/junit/src/main/java/org/onlab/junit/NullScheduledExecutor.java">
</file>
<file name="/home/parallels/onos-1.2.0-build/utils/junit/src/main/java/org/onlab/junit/ImmutableClassChecker.java">
<error line="46" column="62" severity="warning" message="Expected @param tag for &apos;allowNonFinalClass&apos;." source="com.puppycrawl.tools.checkstyle.checks.javadoc.JavadocMethodCheck"/>
</file>
<file name="/home/parallels/onos-1.2.0-build/utils/junit/src/main/java/org/onlab/junit/IntegrationTest.java">
</file>
<file name="/home/parallels/onos-1.2.0-build/utils/junit/src/main/java/org/onlab/junit/TestUtils.java">
</file>
<file name="/home/parallels/onos-1.2.0-build/utils/junit/src/test/java/org/onlab/junit/ImmutableClassCheckerTest.java">
<error line="35" column="9" severity="warning" message="Missing a Javadoc comment." source="com.puppycrawl.tools.checkstyle.checks.javadoc.JavadocMethodCheck"/>
<error line="59" column="29" severity="warning" message="Variable &apos;x&apos; must be private and have accessor methods." source="com.puppycrawl.tools.checkstyle.checks.design.VisibilityModifierCheck"/>
<error line="111" column="9" severity="warning" message="Missing a Javadoc comment." source="com.puppycrawl.tools.checkstyle.checks.javadoc.JavadocMethodCheck"/>
</file>
<file name="/home/parallels/onos-1.2.0-build/utils/junit/src/test/java/org/onlab/junit/TestUtilsTest.java">
</file>
<file name="/home/parallels/onos-1.2.0-build/utils/junit/src/test/java/org/onlab/junit/UtilityClassCheckerTest.java">
<error line="88" column="9" severity="warning" message="Missing a Javadoc comment." source="com.puppycrawl.tools.checkstyle.checks.javadoc.JavadocMethodCheck"/>
<error line="89" column="9" severity="warning" message="Missing a Javadoc comment." source="com.puppycrawl.tools.checkstyle.checks.javadoc.JavadocMethodCheck"/>
<error line="113" column="9" severity="warning" message="Missing a Javadoc comment." source="com.puppycrawl.tools.checkstyle.checks.javadoc.JavadocMethodCheck"/>
<error line="139" column="9" severity="warning" message="Missing a Javadoc comment." source="com.puppycrawl.tools.checkstyle.checks.javadoc.JavadocMethodCheck"/>
<error line="140" column="9" severity="warning" message="Missing a Javadoc comment." source="com.puppycrawl.tools.checkstyle.checks.javadoc.JavadocMethodCheck"/>
</file>
<file name="/home/parallels/onos-1.2.0-build/utils/junit/src/test/java/org/onlab/junit/TestToolsTest.java">
<error line="23" severity="warning" message="Missing a Javadoc comment." source="com.puppycrawl.tools.checkstyle.checks.javadoc.JavadocTypeCheck"/>
<error line="25" column="5" severity="warning" message="Missing a Javadoc comment." source="com.puppycrawl.tools.checkstyle.checks.javadoc.JavadocMethodCheck"/>
<error line="28" column="17" severity="warning" message="Variable &apos;count&apos; must be private and have accessor methods." source="com.puppycrawl.tools.checkstyle.checks.design.VisibilityModifierCheck"/>
<error line="38" column="5" severity="warning" message="Missing a Javadoc comment." source="com.puppycrawl.tools.checkstyle.checks.javadoc.JavadocMethodCheck"/>
</file>
</checkstyle>
