<?xml version="1.0" encoding="UTF-8"?>
<testsuite name="org.onosproject.net.flow.instructions.InstructionsTest" time="0.07" tests="47" errors="0" skipped="0" failures="0">
  <properties>
[...]
</properties>
  <testcase name="testModL2SrcMethod" classname="org.onosproject.net.flow.instructions.InstructionsTest" time="0"/>
  <testcase name="testModOchSignalInstructionHashCode" classname="org.onosproject.net.flow.instructions.InstructionsTest" time="0"/>
  <testcase name="testModTcpSrcMethod" classname="org.onosproject.net.flow.instructions.InstructionsTest" time="0.001"/>
  <testcase name="testModLambdaInstructionEquals" classname="org.onosproject.net.flow.instructions.InstructionsTest" time="0.002"/>
  <testcase name="testModIPv6FlowLabelInstructionHashCode" classname="org.onosproject.net.flow.instructions.InstructionsTest" time="0"/>
  <testcase name="testCreateLambdaMethod" classname="org.onosproject.net.flow.instructions.InstructionsTest" time="0"/>
  <testcase name="testModEtherInstructionHashCode" classname="org.onosproject.net.flow.instructions.InstructionsTest" time="0"/>
  <testcase name="testModL3DstMethod" classname="org.onosproject.net.flow.instructions.InstructionsTest" time="0"/>
  <testcase name="testModOduSignalIdInstructionEquals" classname="org.onosproject.net.flow.instructions.InstructionsTest" time="0.002"/>
  <testcase name="testOutputInstructionHashCode" classname="org.onosproject.net.flow.instructions.InstructionsTest" time="0"/>
  <testcase name="testModLambdaInstructionHashCode" classname="org.onosproject.net.flow.instructions.InstructionsTest" time="0"/>
  <testcase name="testModL2DstMethod" classname="org.onosproject.net.flow.instructions.InstructionsTest" time="0"/>
  <testcase name="testModEtherInstructionEquals" classname="org.onosproject.net.flow.instructions.InstructionsTest" time="0.004"/>
  <testcase name="testModVlanIdMethod" classname="org.onosproject.net.flow.instructions.InstructionsTest" time="0"/>
  <testcase name="testModTcpDstMethod" classname="org.onosproject.net.flow.instructions.InstructionsTest" time="0"/>
  <testcase name="testModMplsLabelInstructionEquals" classname="org.onosproject.net.flow.instructions.InstructionsTest" time="0.002"/>
  <testcase name="testModTunnelIdMethod" classname="org.onosproject.net.flow.instructions.InstructionsTest" time="0.002"/>
  <testcase name="testModTransportPortInstructionEquals" classname="org.onosproject.net.flow.instructions.InstructionsTest" time="0"/>
  <testcase name="testInstructionsUtilityClass" classname="org.onosproject.net.flow.instructions.InstructionsTest" time="0.025"/>
  <testcase name="testModL3IPv6FlowLabelMethod" classname="org.onosproject.net.flow.instructions.InstructionsTest" time="0"/>
  <testcase name="testModVlanPcpMethod" classname="org.onosproject.net.flow.instructions.InstructionsTest" time="0"/>
  <testcase name="testModL3IPv6SrcMethod" classname="org.onosproject.net.flow.instructions.InstructionsTest" time="0.001"/>
  <testcase name="testDropInstructionHashCode" classname="org.onosproject.net.flow.instructions.InstructionsTest" time="0"/>
  <testcase name="testModVlanPcpInstructionHashCode" classname="org.onosproject.net.flow.instructions.InstructionsTest" time="0.001"/>
  <testcase name="testModMplsMethod" classname="org.onosproject.net.flow.instructions.InstructionsTest" time="0"/>
  <testcase name="testModVlanIdInstructionHashCode" classname="org.onosproject.net.flow.instructions.InstructionsTest" time="0"/>
  <testcase name="testDropInstructionEquals" classname="org.onosproject.net.flow.instructions.InstructionsTest" time="0"/>
  <testcase name="testCreateOutputMethod" classname="org.onosproject.net.flow.instructions.InstructionsTest" time="0"/>
  <testcase name="testModIPInstructionEquals" classname="org.onosproject.net.flow.instructions.InstructionsTest" time="0.005"/>
  <testcase name="testModL1OduSignalIdMethod" classname="org.onosproject.net.flow.instructions.InstructionsTest" time="0.001"/>
  <testcase name="testModTransportPortInstructionHashCode" classname="org.onosproject.net.flow.instructions.InstructionsTest" time="0"/>
  <testcase name="testModTunnelIdInstructionEquals" classname="org.onosproject.net.flow.instructions.InstructionsTest" time="0.001"/>
  <testcase name="testModVlanPcpInstructionEquals" classname="org.onosproject.net.flow.instructions.InstructionsTest" time="0.001"/>
  <testcase name="testModIPv6FlowLabelInstructionEquals" classname="org.onosproject.net.flow.instructions.InstructionsTest" time="0.001"/>
  <testcase name="testModL0LambdaMethod" classname="org.onosproject.net.flow.instructions.InstructionsTest" time="0"/>
  <testcase name="testModOchSignalInstructionEquals" classname="org.onosproject.net.flow.instructions.InstructionsTest" time="0.001"/>
  <testcase name="testModOduSignalIdInstructionHashCode" classname="org.onosproject.net.flow.instructions.InstructionsTest" time="0"/>
  <testcase name="testImmutabilityOfInstructions" classname="org.onosproject.net.flow.instructions.InstructionsTest" time="0.004"/>
  <testcase name="testModVlanIdInstructionEquals" classname="org.onosproject.net.flow.instructions.InstructionsTest" time="0.003"/>
  <testcase name="testModL3IPv6DstMethod" classname="org.onosproject.net.flow.instructions.InstructionsTest" time="0.001"/>
  <testcase name="testModIPInstructionHashCode" classname="org.onosproject.net.flow.instructions.InstructionsTest" time="0.001"/>
  <testcase name="testModUdpSrcMethod" classname="org.onosproject.net.flow.instructions.InstructionsTest" time="0.002"/>
  <testcase name="testModTunnelIdInstructionHashCode" classname="org.onosproject.net.flow.instructions.InstructionsTest" time="0.002"/>
  <testcase name="testCreateDropMethod" classname="org.onosproject.net.flow.instructions.InstructionsTest" time="0.004"/>
  <testcase name="testModUdpDstMethod" classname="org.onosproject.net.flow.instructions.InstructionsTest" time="0.001"/>
  <testcase name="testOutputInstructionEquals" classname="org.onosproject.net.flow.instructions.InstructionsTest" time="0.001"/>
  <testcase name="testModL3SrcMethod" classname="org.onosproject.net.flow.instructions.InstructionsTest" time="0.001"/>
</testsuite>